<?xml version="1.0" encoding="UTF-8"?>
<coverage generated="1598591153587" clover="3.2.0">
  <project timestamp="1598591153587" name="All files">
    <metrics statements="36" coveredstatements="36" conditionals="9" coveredconditionals="9" methods="6" coveredmethods="6" elements="51" coveredelements="51" complexity="0" loc="36" ncloc="36" packages="1" files="2" classes="2"/>
    <file name="CreateUserService.ts" path="C:\Users\Allan NEto\Desktop\projects\fantasy\backend\src\services\CreateUserService.ts">
      <metrics statements="18" coveredstatements="18" conditionals="2" coveredconditionals="2" methods="3" coveredmethods="3"/>
      <line num="1" count="2" type="stmt"/>
      <line num="5" count="2" type="stmt"/>
      <line num="15" count="2" type="stmt"/>
      <line num="16" count="4" type="stmt"/>
      <line num="18" count="2" type="stmt"/>
      <line num="19" count="4" type="stmt"/>
      <line num="20" count="4" type="stmt"/>
      <line num="21" count="4" type="stmt"/>
      <line num="22" count="4" type="stmt"/>
      <line num="23" count="4" type="stmt"/>
      <line num="25" count="4" type="stmt"/>
      <line num="33" count="4" type="stmt"/>
      <line num="41" count="4" type="stmt"/>
      <line num="43" count="4" type="cond" truecount="2" falsecount="0"/>
      <line num="44" count="1" type="stmt"/>
      <line num="47" count="3" type="stmt"/>
      <line num="49" count="3" type="stmt"/>
      <line num="51" count="2" type="stmt"/>
    </file>
    <file name="UpdateUserService.ts" path="C:\Users\Allan NEto\Desktop\projects\fantasy\backend\src\services\UpdateUserService.ts">
      <metrics statements="18" coveredstatements="18" conditionals="7" coveredconditionals="7" methods="3" coveredmethods="3"/>
      <line num="1" count="1" type="stmt"/>
      <line num="4" count="1" type="stmt"/>
      <line num="10" count="1" type="stmt"/>
      <line num="11" count="3" type="stmt"/>
      <line num="13" count="1" type="stmt"/>
      <line num="14" count="3" type="stmt"/>
      <line num="15" count="3" type="stmt"/>
      <line num="16" count="3" type="stmt"/>
      <line num="17" count="3" type="stmt"/>
      <line num="19" count="3" type="stmt"/>
      <line num="26" count="3" type="stmt"/>
      <line num="28" count="3" type="cond" truecount="2" falsecount="0"/>
      <line num="29" count="1" type="stmt"/>
      <line num="32" count="2" type="cond" truecount="5" falsecount="0"/>
      <line num="33" count="1" type="stmt"/>
      <line num="38" count="1" type="stmt"/>
      <line num="40" count="1" type="stmt"/>
      <line num="42" count="1" type="stmt"/>
    </file>
  </project>
</coverage>
