TN:
SF:src\services\CreateUserService.ts
FN:15,(anonymous_20)
FN:16,CreateUserService
FN:18,(anonymous_22)
FNF:3
FNH:3
FNDA:2,(anonymous_20)
FNDA:4,CreateUserService
FNDA:4,(anonymous_22)
DA:1,2
DA:5,2
DA:15,2
DA:16,4
DA:18,2
DA:19,4
DA:20,4
DA:21,4
DA:22,4
DA:23,4
DA:25,4
DA:33,4
DA:41,4
DA:43,4
DA:44,1
DA:47,3
DA:49,3
DA:51,2
LF:18
LH:18
BRDA:43,0,0,1
BRDA:43,0,1,3
BRF:2
BRH:2
end_of_record
TN:
SF:src\services\UpdateUserService.ts
FN:10,(anonymous_20)
FN:11,UpdateUserService
FN:13,(anonymous_22)
FNF:3
FNH:3
FNDA:1,(anonymous_20)
FNDA:3,UpdateUserService
FNDA:3,(anonymous_22)
DA:1,1
DA:4,1
DA:10,1
DA:11,3
DA:13,1
DA:14,3
DA:15,3
DA:16,3
DA:17,3
DA:19,3
DA:26,3
DA:28,3
DA:29,1
DA:32,2
DA:33,1
DA:38,1
DA:40,1
DA:42,1
LF:18
LH:18
BRDA:28,0,0,1
BRDA:28,0,1,2
BRDA:32,1,0,1
BRDA:32,1,1,1
BRDA:32,2,0,2
BRDA:32,2,1,2
BRDA:32,2,2,1
BRF:7
BRH:7
end_of_record
